Determining if the pthread_create exist failed with the following output:
Change Dir: /home/pi/catkin_ws/src/build_isolated/rosnode/CMakeFiles/CMakeTmp

Run Build Command:"/usr/bin/make" "cmTC_7b5fc/fast"
/usr/bin/make -f CMakeFiles/cmTC_7b5fc.dir/build.make CMakeFiles/cmTC_7b5fc.dir/build
make[1]: Entering directory '/home/pi/catkin_ws/src/build_isolated/rosnode/CMakeFiles/CMakeTmp'
Building C object CMakeFiles/cmTC_7b5fc.dir/CheckSymbolExists.c.o
/usr/bin/cc     -o CMakeFiles/cmTC_7b5fc.dir/CheckSymbolExists.c.o   -c /home/pi/catkin_ws/src/build_isolated/rosnode/CMakeFiles/CMakeTmp/CheckSymbolExists.c
Linking C executable cmTC_7b5fc
/usr/bin/cmake -E cmake_link_script CMakeFiles/cmTC_7b5fc.dir/link.txt --verbose=1
/usr/bin/cc       CMakeFiles/cmTC_7b5fc.dir/CheckSymbolExists.c.o  -o cmTC_7b5fc -rdynamic 
CMakeFiles/cmTC_7b5fc.dir/CheckSymbolExists.c.o: In function `main':
CheckSymbolExists.c:(.text+0x38): undefined reference to `pthread_create'
collect2: error: ld returned 1 exit status
CMakeFiles/cmTC_7b5fc.dir/build.make:97: recipe for target 'cmTC_7b5fc' failed
make[1]: *** [cmTC_7b5fc] Error 1
make[1]: Leaving directory '/home/pi/catkin_ws/src/build_isolated/rosnode/CMakeFiles/CMakeTmp'
Makefile:126: recipe for target 'cmTC_7b5fc/fast' failed
make: *** [cmTC_7b5fc/fast] Error 2

File /home/pi/catkin_ws/src/build_isolated/rosnode/CMakeFiles/CMakeTmp/CheckSymbolExists.c:
/* */
#include <pthread.h>

int main(int argc, char** argv)
{
  (void)argv;
#ifndef pthread_create
  return ((int*)(&pthread_create))[argc];
#else
  (void)argc;
  return 0;
#endif
}

Determining if the function pthread_create exists in the pthreads failed with the following output:
Change Dir: /home/pi/catkin_ws/src/build_isolated/rosnode/CMakeFiles/CMakeTmp

Run Build Command:"/usr/bin/make" "cmTC_85552/fast"
/usr/bin/make -f CMakeFiles/cmTC_85552.dir/build.make CMakeFiles/cmTC_85552.dir/build
make[1]: Entering directory '/home/pi/catkin_ws/src/build_isolated/rosnode/CMakeFiles/CMakeTmp'
Building C object CMakeFiles/cmTC_85552.dir/CheckFunctionExists.c.o
/usr/bin/cc    -DCHECK_FUNCTION_EXISTS=pthread_create   -o CMakeFiles/cmTC_85552.dir/CheckFunctionExists.c.o   -c /usr/share/cmake-3.7/Modules/CheckFunctionExists.c
Linking C executable cmTC_85552
/usr/bin/cmake -E cmake_link_script CMakeFiles/cmTC_85552.dir/link.txt --verbose=1
/usr/bin/cc   -DCHECK_FUNCTION_EXISTS=pthread_create    CMakeFiles/cmTC_85552.dir/CheckFunctionExists.c.o  -o cmTC_85552 -rdynamic -lpthreads 
/usr/bin/ld: cannot find -lpthreads
collect2: error: ld returned 1 exit status
CMakeFiles/cmTC_85552.dir/build.make:97: recipe for target 'cmTC_85552' failed
make[1]: *** [cmTC_85552] Error 1
make[1]: Leaving directory '/home/pi/catkin_ws/src/build_isolated/rosnode/CMakeFiles/CMakeTmp'
Makefile:126: recipe for target 'cmTC_85552/fast' failed
make: *** [cmTC_85552/fast] Error 2


