Determining if the pthread_create exist failed with the following output:
Change Dir: /home/pi/catkin_ws/src/build_isolated/rosparam/CMakeFiles/CMakeTmp

Run Build Command:"/usr/bin/make" "cmTC_38a31/fast"
/usr/bin/make -f CMakeFiles/cmTC_38a31.dir/build.make CMakeFiles/cmTC_38a31.dir/build
make[1]: Entering directory '/home/pi/catkin_ws/src/build_isolated/rosparam/CMakeFiles/CMakeTmp'
Building C object CMakeFiles/cmTC_38a31.dir/CheckSymbolExists.c.o
/usr/bin/cc     -o CMakeFiles/cmTC_38a31.dir/CheckSymbolExists.c.o   -c /home/pi/catkin_ws/src/build_isolated/rosparam/CMakeFiles/CMakeTmp/CheckSymbolExists.c
Linking C executable cmTC_38a31
/usr/bin/cmake -E cmake_link_script CMakeFiles/cmTC_38a31.dir/link.txt --verbose=1
/usr/bin/cc       CMakeFiles/cmTC_38a31.dir/CheckSymbolExists.c.o  -o cmTC_38a31 -rdynamic 
CMakeFiles/cmTC_38a31.dir/CheckSymbolExists.c.o: In function `main':
CheckSymbolExists.c:(.text+0x38): undefined reference to `pthread_create'
collect2: error: ld returned 1 exit status
CMakeFiles/cmTC_38a31.dir/build.make:97: recipe for target 'cmTC_38a31' failed
make[1]: *** [cmTC_38a31] Error 1
make[1]: Leaving directory '/home/pi/catkin_ws/src/build_isolated/rosparam/CMakeFiles/CMakeTmp'
Makefile:126: recipe for target 'cmTC_38a31/fast' failed
make: *** [cmTC_38a31/fast] Error 2

File /home/pi/catkin_ws/src/build_isolated/rosparam/CMakeFiles/CMakeTmp/CheckSymbolExists.c:
/* */
#include <pthread.h>

int main(int argc, char** argv)
{
  (void)argv;
#ifndef pthread_create
  return ((int*)(&pthread_create))[argc];
#else
  (void)argc;
  return 0;
#endif
}

Determining if the function pthread_create exists in the pthreads failed with the following output:
Change Dir: /home/pi/catkin_ws/src/build_isolated/rosparam/CMakeFiles/CMakeTmp

Run Build Command:"/usr/bin/make" "cmTC_2c89c/fast"
/usr/bin/make -f CMakeFiles/cmTC_2c89c.dir/build.make CMakeFiles/cmTC_2c89c.dir/build
make[1]: Entering directory '/home/pi/catkin_ws/src/build_isolated/rosparam/CMakeFiles/CMakeTmp'
Building C object CMakeFiles/cmTC_2c89c.dir/CheckFunctionExists.c.o
/usr/bin/cc    -DCHECK_FUNCTION_EXISTS=pthread_create   -o CMakeFiles/cmTC_2c89c.dir/CheckFunctionExists.c.o   -c /usr/share/cmake-3.7/Modules/CheckFunctionExists.c
Linking C executable cmTC_2c89c
/usr/bin/cmake -E cmake_link_script CMakeFiles/cmTC_2c89c.dir/link.txt --verbose=1
/usr/bin/cc   -DCHECK_FUNCTION_EXISTS=pthread_create    CMakeFiles/cmTC_2c89c.dir/CheckFunctionExists.c.o  -o cmTC_2c89c -rdynamic -lpthreads 
/usr/bin/ld: cannot find -lpthreads
collect2: error: ld returned 1 exit status
CMakeFiles/cmTC_2c89c.dir/build.make:97: recipe for target 'cmTC_2c89c' failed
make[1]: *** [cmTC_2c89c] Error 1
make[1]: Leaving directory '/home/pi/catkin_ws/src/build_isolated/rosparam/CMakeFiles/CMakeTmp'
Makefile:126: recipe for target 'cmTC_2c89c/fast' failed
make: *** [cmTC_2c89c/fast] Error 2


