Determining if the pthread_create exist failed with the following output:
Change Dir: /home/pi/catkin_ws/src/build_isolated/ros_environment/CMakeFiles/CMakeTmp

Run Build Command:"/usr/bin/make" "cmTC_f183d/fast"
/usr/bin/make -f CMakeFiles/cmTC_f183d.dir/build.make CMakeFiles/cmTC_f183d.dir/build
make[1]: Entering directory '/home/pi/catkin_ws/src/build_isolated/ros_environment/CMakeFiles/CMakeTmp'
Building C object CMakeFiles/cmTC_f183d.dir/CheckSymbolExists.c.o
/usr/bin/cc     -o CMakeFiles/cmTC_f183d.dir/CheckSymbolExists.c.o   -c /home/pi/catkin_ws/src/build_isolated/ros_environment/CMakeFiles/CMakeTmp/CheckSymbolExists.c
Linking C executable cmTC_f183d
/usr/bin/cmake -E cmake_link_script CMakeFiles/cmTC_f183d.dir/link.txt --verbose=1
/usr/bin/cc       CMakeFiles/cmTC_f183d.dir/CheckSymbolExists.c.o  -o cmTC_f183d -rdynamic 
CMakeFiles/cmTC_f183d.dir/CheckSymbolExists.c.o: In function `main':
CheckSymbolExists.c:(.text+0x38): undefined reference to `pthread_create'
collect2: error: ld returned 1 exit status
CMakeFiles/cmTC_f183d.dir/build.make:97: recipe for target 'cmTC_f183d' failed
make[1]: *** [cmTC_f183d] Error 1
make[1]: Leaving directory '/home/pi/catkin_ws/src/build_isolated/ros_environment/CMakeFiles/CMakeTmp'
Makefile:126: recipe for target 'cmTC_f183d/fast' failed
make: *** [cmTC_f183d/fast] Error 2

File /home/pi/catkin_ws/src/build_isolated/ros_environment/CMakeFiles/CMakeTmp/CheckSymbolExists.c:
/* */
#include <pthread.h>

int main(int argc, char** argv)
{
  (void)argv;
#ifndef pthread_create
  return ((int*)(&pthread_create))[argc];
#else
  (void)argc;
  return 0;
#endif
}

Determining if the function pthread_create exists in the pthreads failed with the following output:
Change Dir: /home/pi/catkin_ws/src/build_isolated/ros_environment/CMakeFiles/CMakeTmp

Run Build Command:"/usr/bin/make" "cmTC_f526b/fast"
/usr/bin/make -f CMakeFiles/cmTC_f526b.dir/build.make CMakeFiles/cmTC_f526b.dir/build
make[1]: Entering directory '/home/pi/catkin_ws/src/build_isolated/ros_environment/CMakeFiles/CMakeTmp'
Building C object CMakeFiles/cmTC_f526b.dir/CheckFunctionExists.c.o
/usr/bin/cc    -DCHECK_FUNCTION_EXISTS=pthread_create   -o CMakeFiles/cmTC_f526b.dir/CheckFunctionExists.c.o   -c /usr/share/cmake-3.7/Modules/CheckFunctionExists.c
Linking C executable cmTC_f526b
/usr/bin/cmake -E cmake_link_script CMakeFiles/cmTC_f526b.dir/link.txt --verbose=1
/usr/bin/cc   -DCHECK_FUNCTION_EXISTS=pthread_create    CMakeFiles/cmTC_f526b.dir/CheckFunctionExists.c.o  -o cmTC_f526b -rdynamic -lpthreads 
/usr/bin/ld: cannot find -lpthreads
collect2: error: ld returned 1 exit status
CMakeFiles/cmTC_f526b.dir/build.make:97: recipe for target 'cmTC_f526b' failed
make[1]: *** [cmTC_f526b] Error 1
make[1]: Leaving directory '/home/pi/catkin_ws/src/build_isolated/ros_environment/CMakeFiles/CMakeTmp'
Makefile:126: recipe for target 'cmTC_f526b/fast' failed
make: *** [cmTC_f526b/fast] Error 2


