Determining if the pthread_create exist failed with the following output:
Change Dir: /home/pi/catkin_ws/src/build_isolated/rospy/CMakeFiles/CMakeTmp

Run Build Command:"/usr/bin/make" "cmTC_37b29/fast"
/usr/bin/make -f CMakeFiles/cmTC_37b29.dir/build.make CMakeFiles/cmTC_37b29.dir/build
make[1]: Entering directory '/home/pi/catkin_ws/src/build_isolated/rospy/CMakeFiles/CMakeTmp'
Building C object CMakeFiles/cmTC_37b29.dir/CheckSymbolExists.c.o
/usr/bin/cc     -o CMakeFiles/cmTC_37b29.dir/CheckSymbolExists.c.o   -c /home/pi/catkin_ws/src/build_isolated/rospy/CMakeFiles/CMakeTmp/CheckSymbolExists.c
Linking C executable cmTC_37b29
/usr/bin/cmake -E cmake_link_script CMakeFiles/cmTC_37b29.dir/link.txt --verbose=1
/usr/bin/cc       CMakeFiles/cmTC_37b29.dir/CheckSymbolExists.c.o  -o cmTC_37b29 -rdynamic 
CMakeFiles/cmTC_37b29.dir/CheckSymbolExists.c.o: In function `main':
CheckSymbolExists.c:(.text+0x38): undefined reference to `pthread_create'
collect2: error: ld returned 1 exit status
CMakeFiles/cmTC_37b29.dir/build.make:97: recipe for target 'cmTC_37b29' failed
make[1]: *** [cmTC_37b29] Error 1
make[1]: Leaving directory '/home/pi/catkin_ws/src/build_isolated/rospy/CMakeFiles/CMakeTmp'
Makefile:126: recipe for target 'cmTC_37b29/fast' failed
make: *** [cmTC_37b29/fast] Error 2

File /home/pi/catkin_ws/src/build_isolated/rospy/CMakeFiles/CMakeTmp/CheckSymbolExists.c:
/* */
#include <pthread.h>

int main(int argc, char** argv)
{
  (void)argv;
#ifndef pthread_create
  return ((int*)(&pthread_create))[argc];
#else
  (void)argc;
  return 0;
#endif
}

Determining if the function pthread_create exists in the pthreads failed with the following output:
Change Dir: /home/pi/catkin_ws/src/build_isolated/rospy/CMakeFiles/CMakeTmp

Run Build Command:"/usr/bin/make" "cmTC_faddf/fast"
/usr/bin/make -f CMakeFiles/cmTC_faddf.dir/build.make CMakeFiles/cmTC_faddf.dir/build
make[1]: Entering directory '/home/pi/catkin_ws/src/build_isolated/rospy/CMakeFiles/CMakeTmp'
Building C object CMakeFiles/cmTC_faddf.dir/CheckFunctionExists.c.o
/usr/bin/cc    -DCHECK_FUNCTION_EXISTS=pthread_create   -o CMakeFiles/cmTC_faddf.dir/CheckFunctionExists.c.o   -c /usr/share/cmake-3.7/Modules/CheckFunctionExists.c
Linking C executable cmTC_faddf
/usr/bin/cmake -E cmake_link_script CMakeFiles/cmTC_faddf.dir/link.txt --verbose=1
/usr/bin/cc   -DCHECK_FUNCTION_EXISTS=pthread_create    CMakeFiles/cmTC_faddf.dir/CheckFunctionExists.c.o  -o cmTC_faddf -rdynamic -lpthreads 
/usr/bin/ld: cannot find -lpthreads
collect2: error: ld returned 1 exit status
CMakeFiles/cmTC_faddf.dir/build.make:97: recipe for target 'cmTC_faddf' failed
make[1]: *** [cmTC_faddf] Error 1
make[1]: Leaving directory '/home/pi/catkin_ws/src/build_isolated/rospy/CMakeFiles/CMakeTmp'
Makefile:126: recipe for target 'cmTC_faddf/fast' failed
make: *** [cmTC_faddf/fast] Error 2


