Determining if the pthread_create exist failed with the following output:
Change Dir: /home/pi/catkin_ws/src/build_isolated/genlisp/CMakeFiles/CMakeTmp

Run Build Command:"/usr/bin/make" "cmTC_44bfa/fast"
/usr/bin/make -f CMakeFiles/cmTC_44bfa.dir/build.make CMakeFiles/cmTC_44bfa.dir/build
make[1]: Entering directory '/home/pi/catkin_ws/src/build_isolated/genlisp/CMakeFiles/CMakeTmp'
Building C object CMakeFiles/cmTC_44bfa.dir/CheckSymbolExists.c.o
/usr/bin/cc     -o CMakeFiles/cmTC_44bfa.dir/CheckSymbolExists.c.o   -c /home/pi/catkin_ws/src/build_isolated/genlisp/CMakeFiles/CMakeTmp/CheckSymbolExists.c
Linking C executable cmTC_44bfa
/usr/bin/cmake -E cmake_link_script CMakeFiles/cmTC_44bfa.dir/link.txt --verbose=1
/usr/bin/cc       CMakeFiles/cmTC_44bfa.dir/CheckSymbolExists.c.o  -o cmTC_44bfa -rdynamic 
CMakeFiles/cmTC_44bfa.dir/CheckSymbolExists.c.o: In function `main':
CheckSymbolExists.c:(.text+0x38): undefined reference to `pthread_create'
collect2: error: ld returned 1 exit status
CMakeFiles/cmTC_44bfa.dir/build.make:97: recipe for target 'cmTC_44bfa' failed
make[1]: *** [cmTC_44bfa] Error 1
make[1]: Leaving directory '/home/pi/catkin_ws/src/build_isolated/genlisp/CMakeFiles/CMakeTmp'
Makefile:126: recipe for target 'cmTC_44bfa/fast' failed
make: *** [cmTC_44bfa/fast] Error 2

File /home/pi/catkin_ws/src/build_isolated/genlisp/CMakeFiles/CMakeTmp/CheckSymbolExists.c:
/* */
#include <pthread.h>

int main(int argc, char** argv)
{
  (void)argv;
#ifndef pthread_create
  return ((int*)(&pthread_create))[argc];
#else
  (void)argc;
  return 0;
#endif
}

Determining if the function pthread_create exists in the pthreads failed with the following output:
Change Dir: /home/pi/catkin_ws/src/build_isolated/genlisp/CMakeFiles/CMakeTmp

Run Build Command:"/usr/bin/make" "cmTC_83a7a/fast"
/usr/bin/make -f CMakeFiles/cmTC_83a7a.dir/build.make CMakeFiles/cmTC_83a7a.dir/build
make[1]: Entering directory '/home/pi/catkin_ws/src/build_isolated/genlisp/CMakeFiles/CMakeTmp'
Building C object CMakeFiles/cmTC_83a7a.dir/CheckFunctionExists.c.o
/usr/bin/cc    -DCHECK_FUNCTION_EXISTS=pthread_create   -o CMakeFiles/cmTC_83a7a.dir/CheckFunctionExists.c.o   -c /usr/share/cmake-3.7/Modules/CheckFunctionExists.c
Linking C executable cmTC_83a7a
/usr/bin/cmake -E cmake_link_script CMakeFiles/cmTC_83a7a.dir/link.txt --verbose=1
/usr/bin/cc   -DCHECK_FUNCTION_EXISTS=pthread_create    CMakeFiles/cmTC_83a7a.dir/CheckFunctionExists.c.o  -o cmTC_83a7a -rdynamic -lpthreads 
/usr/bin/ld: cannot find -lpthreads
collect2: error: ld returned 1 exit status
CMakeFiles/cmTC_83a7a.dir/build.make:97: recipe for target 'cmTC_83a7a' failed
make[1]: *** [cmTC_83a7a] Error 1
make[1]: Leaving directory '/home/pi/catkin_ws/src/build_isolated/genlisp/CMakeFiles/CMakeTmp'
Makefile:126: recipe for target 'cmTC_83a7a/fast' failed
make: *** [cmTC_83a7a/fast] Error 2


