Determining if the pthread_create exist failed with the following output:
Change Dir: /home/pi/catkin_ws/src/build_isolated/message_runtime/CMakeFiles/CMakeTmp

Run Build Command:"/usr/bin/make" "cmTC_e272e/fast"
/usr/bin/make -f CMakeFiles/cmTC_e272e.dir/build.make CMakeFiles/cmTC_e272e.dir/build
make[1]: Entering directory '/home/pi/catkin_ws/src/build_isolated/message_runtime/CMakeFiles/CMakeTmp'
Building C object CMakeFiles/cmTC_e272e.dir/CheckSymbolExists.c.o
/usr/bin/cc     -o CMakeFiles/cmTC_e272e.dir/CheckSymbolExists.c.o   -c /home/pi/catkin_ws/src/build_isolated/message_runtime/CMakeFiles/CMakeTmp/CheckSymbolExists.c
Linking C executable cmTC_e272e
/usr/bin/cmake -E cmake_link_script CMakeFiles/cmTC_e272e.dir/link.txt --verbose=1
/usr/bin/cc       CMakeFiles/cmTC_e272e.dir/CheckSymbolExists.c.o  -o cmTC_e272e -rdynamic 
CMakeFiles/cmTC_e272e.dir/CheckSymbolExists.c.o: In function `main':
CheckSymbolExists.c:(.text+0x38): undefined reference to `pthread_create'
collect2: error: ld returned 1 exit status
CMakeFiles/cmTC_e272e.dir/build.make:97: recipe for target 'cmTC_e272e' failed
make[1]: *** [cmTC_e272e] Error 1
make[1]: Leaving directory '/home/pi/catkin_ws/src/build_isolated/message_runtime/CMakeFiles/CMakeTmp'
Makefile:126: recipe for target 'cmTC_e272e/fast' failed
make: *** [cmTC_e272e/fast] Error 2

File /home/pi/catkin_ws/src/build_isolated/message_runtime/CMakeFiles/CMakeTmp/CheckSymbolExists.c:
/* */
#include <pthread.h>

int main(int argc, char** argv)
{
  (void)argv;
#ifndef pthread_create
  return ((int*)(&pthread_create))[argc];
#else
  (void)argc;
  return 0;
#endif
}

Determining if the function pthread_create exists in the pthreads failed with the following output:
Change Dir: /home/pi/catkin_ws/src/build_isolated/message_runtime/CMakeFiles/CMakeTmp

Run Build Command:"/usr/bin/make" "cmTC_121eb/fast"
/usr/bin/make -f CMakeFiles/cmTC_121eb.dir/build.make CMakeFiles/cmTC_121eb.dir/build
make[1]: Entering directory '/home/pi/catkin_ws/src/build_isolated/message_runtime/CMakeFiles/CMakeTmp'
Building C object CMakeFiles/cmTC_121eb.dir/CheckFunctionExists.c.o
/usr/bin/cc    -DCHECK_FUNCTION_EXISTS=pthread_create   -o CMakeFiles/cmTC_121eb.dir/CheckFunctionExists.c.o   -c /usr/share/cmake-3.7/Modules/CheckFunctionExists.c
Linking C executable cmTC_121eb
/usr/bin/cmake -E cmake_link_script CMakeFiles/cmTC_121eb.dir/link.txt --verbose=1
/usr/bin/cc   -DCHECK_FUNCTION_EXISTS=pthread_create    CMakeFiles/cmTC_121eb.dir/CheckFunctionExists.c.o  -o cmTC_121eb -rdynamic -lpthreads 
/usr/bin/ld: cannot find -lpthreads
collect2: error: ld returned 1 exit status
CMakeFiles/cmTC_121eb.dir/build.make:97: recipe for target 'cmTC_121eb' failed
make[1]: *** [cmTC_121eb] Error 1
make[1]: Leaving directory '/home/pi/catkin_ws/src/build_isolated/message_runtime/CMakeFiles/CMakeTmp'
Makefile:126: recipe for target 'cmTC_121eb/fast' failed
make: *** [cmTC_121eb/fast] Error 2


