Determining if the pthread_create exist failed with the following output:
Change Dir: /home/pi/catkin_ws/src/build_isolated/gennodejs/CMakeFiles/CMakeTmp

Run Build Command:"/usr/bin/make" "cmTC_641be/fast"
/usr/bin/make -f CMakeFiles/cmTC_641be.dir/build.make CMakeFiles/cmTC_641be.dir/build
make[1]: Entering directory '/home/pi/catkin_ws/src/build_isolated/gennodejs/CMakeFiles/CMakeTmp'
Building C object CMakeFiles/cmTC_641be.dir/CheckSymbolExists.c.o
/usr/bin/cc     -o CMakeFiles/cmTC_641be.dir/CheckSymbolExists.c.o   -c /home/pi/catkin_ws/src/build_isolated/gennodejs/CMakeFiles/CMakeTmp/CheckSymbolExists.c
Linking C executable cmTC_641be
/usr/bin/cmake -E cmake_link_script CMakeFiles/cmTC_641be.dir/link.txt --verbose=1
/usr/bin/cc       CMakeFiles/cmTC_641be.dir/CheckSymbolExists.c.o  -o cmTC_641be -rdynamic 
CMakeFiles/cmTC_641be.dir/CheckSymbolExists.c.o: In function `main':
CheckSymbolExists.c:(.text+0x38): undefined reference to `pthread_create'
collect2: error: ld returned 1 exit status
CMakeFiles/cmTC_641be.dir/build.make:97: recipe for target 'cmTC_641be' failed
make[1]: *** [cmTC_641be] Error 1
make[1]: Leaving directory '/home/pi/catkin_ws/src/build_isolated/gennodejs/CMakeFiles/CMakeTmp'
Makefile:126: recipe for target 'cmTC_641be/fast' failed
make: *** [cmTC_641be/fast] Error 2

File /home/pi/catkin_ws/src/build_isolated/gennodejs/CMakeFiles/CMakeTmp/CheckSymbolExists.c:
/* */
#include <pthread.h>

int main(int argc, char** argv)
{
  (void)argv;
#ifndef pthread_create
  return ((int*)(&pthread_create))[argc];
#else
  (void)argc;
  return 0;
#endif
}

Determining if the function pthread_create exists in the pthreads failed with the following output:
Change Dir: /home/pi/catkin_ws/src/build_isolated/gennodejs/CMakeFiles/CMakeTmp

Run Build Command:"/usr/bin/make" "cmTC_3e25f/fast"
/usr/bin/make -f CMakeFiles/cmTC_3e25f.dir/build.make CMakeFiles/cmTC_3e25f.dir/build
make[1]: Entering directory '/home/pi/catkin_ws/src/build_isolated/gennodejs/CMakeFiles/CMakeTmp'
Building C object CMakeFiles/cmTC_3e25f.dir/CheckFunctionExists.c.o
/usr/bin/cc    -DCHECK_FUNCTION_EXISTS=pthread_create   -o CMakeFiles/cmTC_3e25f.dir/CheckFunctionExists.c.o   -c /usr/share/cmake-3.7/Modules/CheckFunctionExists.c
Linking C executable cmTC_3e25f
/usr/bin/cmake -E cmake_link_script CMakeFiles/cmTC_3e25f.dir/link.txt --verbose=1
/usr/bin/cc   -DCHECK_FUNCTION_EXISTS=pthread_create    CMakeFiles/cmTC_3e25f.dir/CheckFunctionExists.c.o  -o cmTC_3e25f -rdynamic -lpthreads 
/usr/bin/ld: cannot find -lpthreads
collect2: error: ld returned 1 exit status
CMakeFiles/cmTC_3e25f.dir/build.make:97: recipe for target 'cmTC_3e25f' failed
make[1]: *** [cmTC_3e25f] Error 1
make[1]: Leaving directory '/home/pi/catkin_ws/src/build_isolated/gennodejs/CMakeFiles/CMakeTmp'
Makefile:126: recipe for target 'cmTC_3e25f/fast' failed
make: *** [cmTC_3e25f/fast] Error 2


