Determining if the pthread_create exist failed with the following output:
Change Dir: /home/pi/catkin_ws/src/build_isolated/geneus/CMakeFiles/CMakeTmp

Run Build Command:"/usr/bin/make" "cmTC_6eafe/fast"
/usr/bin/make -f CMakeFiles/cmTC_6eafe.dir/build.make CMakeFiles/cmTC_6eafe.dir/build
make[1]: Entering directory '/home/pi/catkin_ws/src/build_isolated/geneus/CMakeFiles/CMakeTmp'
Building C object CMakeFiles/cmTC_6eafe.dir/CheckSymbolExists.c.o
/usr/bin/cc     -o CMakeFiles/cmTC_6eafe.dir/CheckSymbolExists.c.o   -c /home/pi/catkin_ws/src/build_isolated/geneus/CMakeFiles/CMakeTmp/CheckSymbolExists.c
Linking C executable cmTC_6eafe
/usr/bin/cmake -E cmake_link_script CMakeFiles/cmTC_6eafe.dir/link.txt --verbose=1
/usr/bin/cc       CMakeFiles/cmTC_6eafe.dir/CheckSymbolExists.c.o  -o cmTC_6eafe -rdynamic 
CMakeFiles/cmTC_6eafe.dir/CheckSymbolExists.c.o: In function `main':
CheckSymbolExists.c:(.text+0x38): undefined reference to `pthread_create'
collect2: error: ld returned 1 exit status
CMakeFiles/cmTC_6eafe.dir/build.make:97: recipe for target 'cmTC_6eafe' failed
make[1]: *** [cmTC_6eafe] Error 1
make[1]: Leaving directory '/home/pi/catkin_ws/src/build_isolated/geneus/CMakeFiles/CMakeTmp'
Makefile:126: recipe for target 'cmTC_6eafe/fast' failed
make: *** [cmTC_6eafe/fast] Error 2

File /home/pi/catkin_ws/src/build_isolated/geneus/CMakeFiles/CMakeTmp/CheckSymbolExists.c:
/* */
#include <pthread.h>

int main(int argc, char** argv)
{
  (void)argv;
#ifndef pthread_create
  return ((int*)(&pthread_create))[argc];
#else
  (void)argc;
  return 0;
#endif
}

Determining if the function pthread_create exists in the pthreads failed with the following output:
Change Dir: /home/pi/catkin_ws/src/build_isolated/geneus/CMakeFiles/CMakeTmp

Run Build Command:"/usr/bin/make" "cmTC_440ca/fast"
/usr/bin/make -f CMakeFiles/cmTC_440ca.dir/build.make CMakeFiles/cmTC_440ca.dir/build
make[1]: Entering directory '/home/pi/catkin_ws/src/build_isolated/geneus/CMakeFiles/CMakeTmp'
Building C object CMakeFiles/cmTC_440ca.dir/CheckFunctionExists.c.o
/usr/bin/cc    -DCHECK_FUNCTION_EXISTS=pthread_create   -o CMakeFiles/cmTC_440ca.dir/CheckFunctionExists.c.o   -c /usr/share/cmake-3.7/Modules/CheckFunctionExists.c
Linking C executable cmTC_440ca
/usr/bin/cmake -E cmake_link_script CMakeFiles/cmTC_440ca.dir/link.txt --verbose=1
/usr/bin/cc   -DCHECK_FUNCTION_EXISTS=pthread_create    CMakeFiles/cmTC_440ca.dir/CheckFunctionExists.c.o  -o cmTC_440ca -rdynamic -lpthreads 
/usr/bin/ld: cannot find -lpthreads
collect2: error: ld returned 1 exit status
CMakeFiles/cmTC_440ca.dir/build.make:97: recipe for target 'cmTC_440ca' failed
make[1]: *** [cmTC_440ca] Error 1
make[1]: Leaving directory '/home/pi/catkin_ws/src/build_isolated/geneus/CMakeFiles/CMakeTmp'
Makefile:126: recipe for target 'cmTC_440ca/fast' failed
make: *** [cmTC_440ca/fast] Error 2


