Determining if the pthread_create exist failed with the following output:
Change Dir: /home/pi/catkin_ws/src/build_isolated/genpy/CMakeFiles/CMakeTmp

Run Build Command:"/usr/bin/make" "cmTC_838f9/fast"
/usr/bin/make -f CMakeFiles/cmTC_838f9.dir/build.make CMakeFiles/cmTC_838f9.dir/build
make[1]: Entering directory '/home/pi/catkin_ws/src/build_isolated/genpy/CMakeFiles/CMakeTmp'
Building C object CMakeFiles/cmTC_838f9.dir/CheckSymbolExists.c.o
/usr/bin/cc     -o CMakeFiles/cmTC_838f9.dir/CheckSymbolExists.c.o   -c /home/pi/catkin_ws/src/build_isolated/genpy/CMakeFiles/CMakeTmp/CheckSymbolExists.c
Linking C executable cmTC_838f9
/usr/bin/cmake -E cmake_link_script CMakeFiles/cmTC_838f9.dir/link.txt --verbose=1
/usr/bin/cc       CMakeFiles/cmTC_838f9.dir/CheckSymbolExists.c.o  -o cmTC_838f9 -rdynamic 
CMakeFiles/cmTC_838f9.dir/CheckSymbolExists.c.o: In function `main':
CheckSymbolExists.c:(.text+0x38): undefined reference to `pthread_create'
collect2: error: ld returned 1 exit status
CMakeFiles/cmTC_838f9.dir/build.make:97: recipe for target 'cmTC_838f9' failed
make[1]: *** [cmTC_838f9] Error 1
make[1]: Leaving directory '/home/pi/catkin_ws/src/build_isolated/genpy/CMakeFiles/CMakeTmp'
Makefile:126: recipe for target 'cmTC_838f9/fast' failed
make: *** [cmTC_838f9/fast] Error 2

File /home/pi/catkin_ws/src/build_isolated/genpy/CMakeFiles/CMakeTmp/CheckSymbolExists.c:
/* */
#include <pthread.h>

int main(int argc, char** argv)
{
  (void)argv;
#ifndef pthread_create
  return ((int*)(&pthread_create))[argc];
#else
  (void)argc;
  return 0;
#endif
}

Determining if the function pthread_create exists in the pthreads failed with the following output:
Change Dir: /home/pi/catkin_ws/src/build_isolated/genpy/CMakeFiles/CMakeTmp

Run Build Command:"/usr/bin/make" "cmTC_34a43/fast"
/usr/bin/make -f CMakeFiles/cmTC_34a43.dir/build.make CMakeFiles/cmTC_34a43.dir/build
make[1]: Entering directory '/home/pi/catkin_ws/src/build_isolated/genpy/CMakeFiles/CMakeTmp'
Building C object CMakeFiles/cmTC_34a43.dir/CheckFunctionExists.c.o
/usr/bin/cc    -DCHECK_FUNCTION_EXISTS=pthread_create   -o CMakeFiles/cmTC_34a43.dir/CheckFunctionExists.c.o   -c /usr/share/cmake-3.7/Modules/CheckFunctionExists.c
Linking C executable cmTC_34a43
/usr/bin/cmake -E cmake_link_script CMakeFiles/cmTC_34a43.dir/link.txt --verbose=1
/usr/bin/cc   -DCHECK_FUNCTION_EXISTS=pthread_create    CMakeFiles/cmTC_34a43.dir/CheckFunctionExists.c.o  -o cmTC_34a43 -rdynamic -lpthreads 
/usr/bin/ld: cannot find -lpthreads
collect2: error: ld returned 1 exit status
CMakeFiles/cmTC_34a43.dir/build.make:97: recipe for target 'cmTC_34a43' failed
make[1]: *** [cmTC_34a43] Error 1
make[1]: Leaving directory '/home/pi/catkin_ws/src/build_isolated/genpy/CMakeFiles/CMakeTmp'
Makefile:126: recipe for target 'cmTC_34a43/fast' failed
make: *** [cmTC_34a43/fast] Error 2


